<?xml version="1.0" encoding="UTF-8"?>
<testng-results skipped="0" failed="0" ignored="0" total="1" passed="1">
  <reporter-output>
  </reporter-output>
  <suite name="Default suite" duration-ms="9475" started-at="2022-08-17T16:44:46 IST" finished-at="2022-08-17T16:44:55 IST">
    <groups>
    </groups>
    <test name="Default test" duration-ms="9475" started-at="2022-08-17T16:44:46 IST" finished-at="2022-08-17T16:44:55 IST">
      <class name="com.mindtree.SmartExecutionTest.AppTest">
        <test-method status="PASS" signature="beforeSuit()[pri:0, instance:com.mindtree.SmartExecutionTest.AppTest@2bbf4b8b]" name="beforeSuit" is-config="true" duration-ms="110" started-at="2022-08-17T16:44:46 IST" finished-at="2022-08-17T16:44:46 IST">
          <reporter-output>
          </reporter-output>
        </test-method> <!-- beforeSuit -->
        <test-method status="PASS" signature="setTest()[pri:0, instance:com.mindtree.SmartExecutionTest.AppTest@2bbf4b8b]" name="setTest" is-config="true" duration-ms="4159" started-at="2022-08-17T16:44:46 IST" finished-at="2022-08-17T16:44:50 IST">
          <reporter-output>
          </reporter-output>
        </test-method> <!-- setTest -->
        <test-method status="PASS" signature="beforeMethod(java.lang.reflect.Method)[pri:0, instance:com.mindtree.SmartExecutionTest.AppTest@2bbf4b8b]" name="beforeMethod" is-config="true" duration-ms="13" started-at="2022-08-17T16:44:50 IST" finished-at="2022-08-17T16:44:50 IST">
          <params>
            <param index="0">
              <value>
                <![CDATA[public void com.mindtree.SmartExecutionTest.AppTest.login()]]>
              </value>
            </param>
          </params>
          <reporter-output>
          </reporter-output>
        </test-method> <!-- beforeMethod -->
        <test-method status="PASS" signature="login()[pri:0, instance:com.mindtree.SmartExecutionTest.AppTest@2bbf4b8b]" name="login" duration-ms="2245" started-at="2022-08-17T16:44:50 IST" finished-at="2022-08-17T16:44:52 IST">
          <reporter-output>
          </reporter-output>
        </test-method> <!-- login -->
        <test-method status="PASS" signature="afterMethod()[pri:0, instance:com.mindtree.SmartExecutionTest.AppTest@2bbf4b8b]" name="afterMethod" is-config="true" duration-ms="4" started-at="2022-08-17T16:44:52 IST" finished-at="2022-08-17T16:44:52 IST">
          <reporter-output>
          </reporter-output>
        </test-method> <!-- afterMethod -->
        <test-method status="PASS" signature="downTest()[pri:0, instance:com.mindtree.SmartExecutionTest.AppTest@2bbf4b8b]" name="downTest" is-config="true" duration-ms="2974" started-at="2022-08-17T16:44:52 IST" finished-at="2022-08-17T16:44:55 IST">
          <reporter-output>
          </reporter-output>
        </test-method> <!-- downTest -->
        <test-method status="PASS" signature="afterSuite()[pri:0, instance:com.mindtree.SmartExecutionTest.AppTest@2bbf4b8b]" name="afterSuite" is-config="true" duration-ms="192" started-at="2022-08-17T16:44:55 IST" finished-at="2022-08-17T16:44:56 IST">
          <reporter-output>
          </reporter-output>
        </test-method> <!-- afterSuite -->
      </class> <!-- com.mindtree.SmartExecutionTest.AppTest -->
    </test> <!-- Default test -->
  </suite> <!-- Default suite -->
</testng-results>
